[debug] [2020-04-04T10:01:16.612Z] ----------------------------------------------------------------------
[debug] [2020-04-04T10:01:16.614Z] Command:       C:\Program Files\nodejs\node.exe C:\Users\NEHA\AppData\Roaming\npm\node_modules\firebase-tools\lib\bin\firebase.js init
[debug] [2020-04-04T10:01:16.614Z] CLI Version:   8.0.1
[debug] [2020-04-04T10:01:16.614Z] Platform:      win32
[debug] [2020-04-04T10:01:16.615Z] Node Version:  v12.16.1
[debug] [2020-04-04T10:01:16.616Z] Time:          Sat Apr 04 2020 15:31:16 GMT+0530 (India Standard Time)
[debug] [2020-04-04T10:01:16.616Z] ----------------------------------------------------------------------
[debug] [2020-04-04T10:01:16.616Z] 
[debug] [2020-04-04T10:01:16.624Z] > command requires scopes: ["email","openid","https://www.googleapis.com/auth/cloudplatformprojects.readonly","https://www.googleapis.com/auth/firebase","https://www.googleapis.com/auth/cloud-platform"]
[debug] [2020-04-04T10:01:16.624Z] > authorizing via signed-in user
[info] 
     ######## #### ########  ######## ########     ###     ######  ########
     ##        ##  ##     ## ##       ##     ##  ##   ##  ##       ##
     ######    ##  ########  ######   ########  #########  ######  ######
     ##        ##  ##    ##  ##       ##     ## ##     ##       ## ##
     ##       #### ##     ## ######## ########  ##     ##  ######  ########

You're about to initialize a Firebase project in this directory:

  C:\Users\NEHA\AndroidStudioProjects\HowzYou

Before we get started, keep in mind:

  * You are initializing in an existing Firebase project directory

[info] 
=== Project Setup
[info] 
[info] First, let's associate this project directory with a Firebase project.
[info] You can create multiple project aliases by running firebase use --add, 
[info] but for now we'll just set up a default project.
[info] 
[info] i  .firebaserc already has a default project, using mychatapp-e7639.
[debug] [2020-04-04T10:01:49.236Z] > refreshing access token with scopes: ["email","https://www.googleapis.com/auth/cloud-platform","https://www.googleapis.com/auth/cloudplatformprojects.readonly","https://www.googleapis.com/auth/firebase","openid"]
[debug] [2020-04-04T10:01:49.237Z] >>> HTTP REQUEST POST https://www.googleapis.com/oauth2/v3/token  
 <request body omitted>
